<?xml version="1.0" encoding="UTF-8"?>
<!-- Generated by org.testng.reporters.JUnitReportReporter -->
<testsuite hostname="ProR-IND-067" name="RunCucumberTest" tests="3" failures="0" timestamp="20 Jun 2021 18:34:15 GMT" time="10.268" errors="0">
  <testcase name="feature" time="3.313" classname="RunCucumberTest"/>
  <testcase name="feature" time="6.558" classname="RunCucumberTest"/>
  <testcase name="feature" time="0.397" classname="RunCucumberTest"/>
</testsuite> <!-- RunCucumberTest -->
