<?xml version="1.0" encoding="UTF-8"?>
<!-- Generated by org.testng.reporters.JUnitReportReporter -->
<testsuite hostname="ProR-IND-067" name="RunnableCucu" tests="3" failures="0" timestamp="21 Jun 2021 05:03:09 GMT" time="5.194" errors="0">
  <testcase name="feature" time="0.457" classname="RunnableCucu"/>
  <testcase name="feature" time="0.643" classname="RunnableCucu"/>
  <testcase name="feature" time="4.094" classname="RunnableCucu"/>
</testsuite> <!-- RunnableCucu -->
